Added Component: Designator=C?(1608[0603])
Added Component: Designator=C?(1608[0603])
Added Component: Designator=C?(1608[0603])
Added Component: Designator=C?(C1206)
Added Component: Designator=C?(C0805)
Added Component: Designator=D?(3.5X2.8X1.9)
Added Component: Designator=P?(DJ7161S_0.7_10AW)
Added Component: Designator=Q?(TO-220AB)
Added Component: Designator=R?(J1-0603)
Added Component: Designator=R?(J1-0603)
Added Component: Designator=R?(J1-0603)
Added Component: Designator=R?(J1-0603)
Added Component: Designator=R?(J1-0603)
Added Component: Designator=R?(J1-0603)
Added Component: Designator=R?(J1-0603)
Added Component: Designator=R?(J1-0603)
Added Component: Designator=U*(LM321)
Added Component: Designator=U?(MOCD217M)
Added Pin To Net: NetName=GND Pin=C?-1
Added Pin To Net: NetName=GND Pin=C?-1
Added Pin To Net: NetName=GND Pin=C?-1
Added Pin To Net: NetName=5V Pin=C?-2
Added Pin To Net: NetName=GND Pin=C?-2
Added Pin To Net: NetName=GND Pin=C?-2
Added Pin To Net: NetName=GND Pin=D?-2
Added Pin To Net: NetName=24V Pin=P?-1
Added Pin To Net: NetName=GND Pin=P?-4
Added Pin To Net: NetName=24V Pin=P?-7
Added Pin To Net: NetName=24V Pin=P?-13
Added Pin To Net: NetName=GND Pin=Q?-3
Added Pin To Net: NetName=GND Pin=R?-1
Added Pin To Net: NetName=GND Pin=U*-2
Added Pin To Net: NetName=5V Pin=U*-5
Change Net Name : Old Net Name=GND New Net Name=AP_GND
Added Pin To Net: NetName=AP_VOUT Pin=P?-12
Added Net: Name=AP_VOUT
Added Pin To Net: NetName=NetC?_2 Pin=C?-2
Added Pin To Net: NetName=NetC?_2 Pin=R?-2
Added Net: Name=NetC?_2
Added Pin To Net: NetName=NetD?_1 Pin=D?-1
Added Pin To Net: NetName=NetD?_1 Pin=R?-1
Added Net: Name=NetD?_1
Added Pin To Net: NetName=NetP?_2 Pin=P?-2
Added Net: Name=NetP?_2
Added Pin To Net: NetName=NetP?_3 Pin=P?-3
Added Net: Name=NetP?_3
Added Pin To Net: NetName=NetQ?_1 Pin=Q?-1
Added Pin To Net: NetName=NetQ?_1 Pin=R?-2
Added Net: Name=NetQ?_1
Added Pin To Net: NetName=NetR?_1 Pin=R?-1
Added Pin To Net: NetName=NetR?_1 Pin=U*-4
Added Net: Name=NetR?_1
Added Pin To Net: NetName=NetR?_2 Pin=R?-2
Added Pin To Net: NetName=NetR?_2 Pin=U*-1
Added Net: Name=NetR?_2
Added Pin To Net: NetName=VAL_OUT Pin=P?-8
Added Net: Name=VAL_OUT
Added Class: Name=AEBS component
Added Member To Class: ClassName=Interface Member=Component P? DJ7166S 2*8
Added Room: Name=AEBS component
Added Room: Name=Interface
Added Room: Name=MCU
Added Room: Name=Power
