Removed Pin From Net: NetName=GND Pin=P2-10
Removed Pin From Net: NetName=GND Pin=P2-12
Added Component: Designator=F2(1812)
Added Component: Designator=F3(JK30-500)
Added Component: Designator=F4(1812)
Added Component: Designator=F5(JK30-500)
Added Pin To Net: NetName=GND Pin=F2-2
Added Pin To Net: NetName=GND Pin=F4-2
Added Pin To Net: NetName=NetF2_1 Pin=F2-1
Added Pin To Net: NetName=NetF2_1 Pin=P2-12
Added Net: Name=NetF2_1
Added Pin To Net: NetName=NetF3_1 Pin=F3-1
Added Pin To Net: NetName=NetF3_1 Pin=Q2-2
Added Net: Name=NetF3_1
Added Pin To Net: NetName=NetF3_2 Pin=F3-2
Added Pin To Net: NetName=NetF3_2 Pin=P2-14
Added Net: Name=NetF3_2
Added Pin To Net: NetName=NetF4_1 Pin=F4-1
Added Pin To Net: NetName=NetF4_1 Pin=P2-10
Added Net: Name=NetF4_1
Added Pin To Net: NetName=NetF5_1 Pin=F5-1
Added Pin To Net: NetName=NetF5_1 Pin=Q3-2
Added Net: Name=NetF5_1
Added Pin To Net: NetName=NetF5_2 Pin=F5-2
Added Pin To Net: NetName=NetF5_2 Pin=P2-13
Added Net: Name=NetF5_2
Added Member To Class: ClassName=AEBS component_Front Member=Component F2 mSMD260-8V  2.6A
Added Member To Class: ClassName=AEBS component_Front Member=Component F3 JK30-500
Added Member To Class: ClassName=AEBS component_Rear Member=Component F4 mSMD260-8V  2.6A
Added Member To Class: ClassName=AEBS component_Rear Member=Component F5 JK30-500
Added Member To Class: ClassName=Interface Member=Component P2 DJ7166S 2*8
Added Room: Name=AEBS component_Front
Added Room: Name=AEBS component_Rear
Added Room: Name=Interface
Added Room: Name=MCU
Added Room: Name=Power
