Removed Pin From Net: NetName=GND Pin=C41-1
Removed Pin From Net: NetName=GND Pin=C52-1
Removed Pin From Net: NetName=NetC51_1 Pin=C63-1
Removed Pin From Net: NetName=GND Pin=R12-1
Removed Pin From Net: NetName=GND Pin=SPEAKER-2
Removed Pin From Net: NetName=NetR11_2 Pin=U10-1
Removed Pin From Net: NetName=GND Pin=U10-2
Removed Pin From Net: NetName=GND Pin=U10-4
Removed Pin From Net: NetName=NetC51_1 Pin=U10-5
Removed Pin From Net: NetName=NetC50_2 Pin=U10-8
Removed Member From Class: ClassName=Interface Member=C63
Change Component DesignItemId : Designator=C51 Old DesignItemId=Cap Pol1 New DesignItemId=Cap
Change Component DesignItemId : Designator=U10 Old DesignItemId=LM386_1 New DesignItemId=LM4890
Change Component DesignItemId : Designator=R12 Old DesignItemId=Res2 New DesignItemId=Res1
Change Component DesignItemId : Designator=R11 Old DesignItemId=Res Semi New DesignItemId=Res1
Change Component Footprint: Designator=C50 Old Footprint=0805 New Footprint=0402
Change Component Footprint: Designator=C52 Old Footprint=0805 New Footprint=0402
Change Component Footprint: Designator=C51 Old Footprint=cap_pol_8*10.2 New Footprint=0402
Change Component Footprint: Designator=U10 Old Footprint=SO8 New Footprint=MSOP8
Change Component Comment : Designator=R11 Old Comment=0R New Comment=10K
Change Component Comment : Designator=R12 Old Comment=10R New Comment=20K
Change Component Comment : Designator=C50 Old Comment=22uF/25V New Comment=1uF
Change Component Comment : Designator=C52 Old Comment=22uF/25V New Comment=10nF
Change Component Comment : Designator=C51 Old Comment=220uF/16V 8*6.8 New Comment=1uF
Change Component Comment : Designator=U10 Old Comment=LM386 New Comment=LM4890
Change Component Description : Designator=R11 Old Description=Semiconductor Resistor New Description=Resistor
Added Component: Designator=C48(cap_pol_8*10.2)
Added Pin To Net: NetName=5V Pin=C48-1
Added Pin To Net: NetName=GND Pin=C52-2
Added Pin To Net: NetName=NetR11_2 Pin=R12-1
Added Pin To Net: NetName=NetC50_2 Pin=U9-7
Added Pin To Net: NetName=5V Pin=U10-1
Added Pin To Net: NetName=NetC51_1 Pin=U10-2
Added Pin To Net: NetName=NetC51_1 Pin=U10-3
Added Pin To Net: NetName=NetR11_2 Pin=U10-4
Added Pin To Net: NetName=DGND Pin=C41-1
Added Pin To Net: NetName=DGND Pin=C48-2
Added Pin To Net: NetName=DGND Pin=C51-2
Added Pin To Net: NetName=DGND Pin=U10-7
Added Net: Name=DGND
Added Pin To Net: NetName=NetC52_1 Pin=C52-1
Added Pin To Net: NetName=NetC52_1 Pin=U9-5
Added Net: Name=NetC52_1
Added Pin To Net: NetName=NetR12_2 Pin=R12-2
Added Pin To Net: NetName=NetR12_2 Pin=SPEAKER-2
Added Pin To Net: NetName=NetR12_2 Pin=U10-5
Added Net: Name=NetR12_2
Added Pin To Net: NetName=NetSPEAKER_1 Pin=SPEAKER-1
Added Pin To Net: NetName=NetSPEAKER_1 Pin=U10-8
Added Net: Name=NetSPEAKER_1
Added Member To Class: ClassName=Interface Member=Component C48 220uF
