Removed Pin From Net: NetName=GND Pin=F1-1
Removed Pin From Net: NetName=BUS_24V Pin=MW_RADAR-1
Removed Pin From Net: NetName=CAN2_H Pin=MW_RADAR-2
Removed Pin From Net: NetName=CAN2_L Pin=MW_RADAR-3
Removed Pin From Net: NetName=GND Pin=MW_RADAR-4
Removed Pin From Net: NetName=CAN3_H Pin=OUTPUT-1
Removed Pin From Net: NetName=CAN3_L Pin=OUTPUT-2
Removed Pin From Net: NetName=232_1_TX Pin=OUTPUT-3
Removed Pin From Net: NetName=232_1_RX Pin=OUTPUT-4
Removed Pin From Net: NetName=GND Pin=OUTPUT-5
Removed Pin From Net: NetName=GND Pin=OUTPUT-6
Removed Pin From Net: NetName=232_2_TX Pin=OUTPUT-7
Removed Pin From Net: NetName=232_2_RX Pin=OUTPUT-8
Removed Pin From Net: NetName=RS485_A Pin=OUTPUT-9
Removed Pin From Net: NetName=RS485_B Pin=OUTPUT-10
Removed Pin From Net: NetName=AUDIO_OUT Pin=OUTPUT-11
Removed Pin From Net: NetName=GND Pin=OUTPUT-12
Removed Pin From Net: NetName=GND Pin=OUTPUT-15
Removed Pin From Net: NetName=BUS_24V Pin=OUTPUT-16
Removed Pin From Net: NetName=BUS_24V Pin=VEHICLE-2
Removed Pin From Net: NetName=CAN1_H Pin=VEHICLE-3
Removed Pin From Net: NetName=CAN1_L Pin=VEHICLE-4
Removed Member From Class: ClassName=Interface Member=MW_RADAR
Removed Member From Class: ClassName=Interface Member=OUTPUT
Removed Member From Class: ClassName=Interface Member=VEHICLE
Change Component Comment : Designator=R11 Old Comment=1.2K New Comment=0R
Added Component: Designator=F2(1812)
Added Component: Designator=P1(DJ7246S_2*12)
Added Pin To Net: NetName=GND Pin=F1-2
Added Pin To Net: NetName=GND Pin=F2-2
Added Pin To Net: NetName=232_1_TX Pin=P1-1
Added Pin To Net: NetName=GND Pin=P1-2
Added Pin To Net: NetName=232_1_RX Pin=P1-3
Added Pin To Net: NetName=AUDIO_OUT Pin=P1-4
Added Pin To Net: NetName=RS485_A Pin=P1-5
Added Pin To Net: NetName=GND Pin=P1-7
Added Pin To Net: NetName=BUS_24V Pin=P1-8
Added Pin To Net: NetName=CAN3_H Pin=P1-9
Added Pin To Net: NetName=BUS_24V Pin=P1-10
Added Pin To Net: NetName=CAN1_H Pin=P1-11
Added Pin To Net: NetName=CAN2_H Pin=P1-12
Added Pin To Net: NetName=CAN2_L Pin=P1-13
Added Pin To Net: NetName=CAN1_L Pin=P1-14
Added Pin To Net: NetName=CAN3_L Pin=P1-16
Added Pin To Net: NetName=GND Pin=P1-18
Added Pin To Net: NetName=RS485_B Pin=P1-20
Added Pin To Net: NetName=GND Pin=P1-21
Added Pin To Net: NetName=232_2_RX Pin=P1-22
Added Pin To Net: NetName=GND Pin=P1-23
Added Pin To Net: NetName=232_2_TX Pin=P1-24
Added Pin To Net: NetName=NetF1_1 Pin=F1-1
Added Pin To Net: NetName=NetF1_1 Pin=P1-15
Added Net: Name=NetF1_1
Added Pin To Net: NetName=NetF2_1 Pin=F2-1
Added Pin To Net: NetName=NetF2_1 Pin=P1-17
Added Net: Name=NetF2_1
Added Pin To Net: NetName=NetP1_6 Pin=P1-6
Added Pin To Net: NetName=NetP1_6 Pin=U1-47
Added Net: Name=NetP1_6
Added Pin To Net: NetName=NetP1_19 Pin=P1-19
Added Pin To Net: NetName=NetP1_19 Pin=U1-34
Added Net: Name=NetP1_19
Added Pin To Net: NetName=NetU9_3 Pin=U9-3
Added Net: Name=NetU9_3
Added Member To Class: ClassName=Interface Member=Component F2 mSMD260-8V  2.6A
Added Member To Class: ClassName=Interface Member=Component P1 DJ7246S_2x12
